[2025-05-03 03:54:01] ERROR: Error during OTP verification for email: saufii450@gmail.com | Error: Error: invalid otp or expired otp
    at verifyOtpService (/data/data/com.termux/files/home/login-api/services/auth/register/verifyOtpService.js:17:13)
    at process.processTicksAndRejections (node:internal/process/task_queues:105:5)
    at async verifyOtpContoller (/data/data/com.termux/files/home/login-api/controllers/auth/register/verifyOtpController.js:22:18)
[2025-05-03 03:54:01] ERROR: OTP verification failed for email: saufii450@gmail.com | Error: invalid otp or expired otp
[2025-05-03 03:54:01] ERROR: POST /auth/verify-otp 500 - 42ms
[2025-05-03 03:54:27] ERROR: Error during OTP verification for email: saufii450@gmail.com | Error: Error: invalid otp or expired otp
    at verifyOtpService (/data/data/com.termux/files/home/login-api/services/auth/register/verifyOtpService.js:17:13)
    at process.processTicksAndRejections (node:internal/process/task_queues:105:5)
    at async verifyOtpContoller (/data/data/com.termux/files/home/login-api/controllers/auth/register/verifyOtpController.js:22:18)
[2025-05-03 03:54:27] ERROR: OTP verification failed for email: saufii450@gmail.com | Error: invalid otp or expired otp
[2025-05-03 03:54:27] ERROR: POST /auth/verify-otp 500 - 23ms
[2025-05-03 03:55:17] ERROR: Error during OTP verification for email: saufii450@gmail.com | Error: Error: invalid otp or expired otp
    at verifyOtpService (/data/data/com.termux/files/home/login-api/services/auth/register/verifyOtpService.js:17:13)
    at process.processTicksAndRejections (node:internal/process/task_queues:105:5)
    at async verifyOtpContoller (/data/data/com.termux/files/home/login-api/controllers/auth/register/verifyOtpController.js:22:18)
[2025-05-03 03:55:17] ERROR: OTP verification failed for email: saufii450@gmail.com | Error: invalid otp or expired otp
[2025-05-03 03:55:17] ERROR: POST /auth/verify-otp 500 - 41ms
[2025-05-03 03:55:41] ERROR: Error during OTP verification for email: saufii450@gmail.com | Error: Error: invalid otp or expired otp
    at verifyOtpService (/data/data/com.termux/files/home/login-api/services/auth/register/verifyOtpService.js:17:13)
    at process.processTicksAndRejections (node:internal/process/task_queues:105:5)
    at async verifyOtpContoller (/data/data/com.termux/files/home/login-api/controllers/auth/register/verifyOtpController.js:22:18)
[2025-05-03 03:55:41] ERROR: OTP verification failed for email: saufii450@gmail.com | Error: invalid otp or expired otp
[2025-05-03 03:55:41] ERROR: POST /auth/verify-otp 500 - 30ms
[2025-05-03 03:56:11] ERROR: Error during OTP verification for email: saufii450@gmail.com | Error: Error: invalid otp or expired otp
    at verifyOtpService (/data/data/com.termux/files/home/login-api/services/auth/register/verifyOtpService.js:17:13)
    at process.processTicksAndRejections (node:internal/process/task_queues:105:5)
    at async verifyOtpContoller (/data/data/com.termux/files/home/login-api/controllers/auth/register/verifyOtpController.js:22:18)
[2025-05-03 03:56:11] ERROR: OTP verification failed for email: saufii450@gmail.com | Error: invalid otp or expired otp
[2025-05-03 03:56:11] ERROR: POST /auth/verify-otp 500 - 44ms
[2025-05-03 03:56:39] ERROR: OTP verification failed for email: saufii660@gmail.com | Error: Cannot read properties of undefined (reading 'refreshToken')
[2025-05-03 03:56:39] ERROR: POST /auth/verify-otp 500 - 110ms
[2025-05-03 03:57:03] ERROR: Error during OTP verification for email: saufii660@gmail.com | Error: Error: invalid otp or expired otp
    at verifyOtpService (/data/data/com.termux/files/home/login-api/services/auth/register/verifyOtpService.js:17:13)
    at process.processTicksAndRejections (node:internal/process/task_queues:105:5)
    at async verifyOtpContoller (/data/data/com.termux/files/home/login-api/controllers/auth/register/verifyOtpController.js:22:18)
[2025-05-03 03:57:03] ERROR: OTP verification failed for email: saufii660@gmail.com | Error: invalid otp or expired otp
[2025-05-03 03:57:03] ERROR: POST /auth/verify-otp 500 - 29ms
[2025-05-03 03:57:08] ERROR: Error during OTP verification for email: saufii660@gmail.com | Error: Error: invalid otp or expired otp
    at verifyOtpService (/data/data/com.termux/files/home/login-api/services/auth/register/verifyOtpService.js:17:13)
    at process.processTicksAndRejections (node:internal/process/task_queues:105:5)
    at async verifyOtpContoller (/data/data/com.termux/files/home/login-api/controllers/auth/register/verifyOtpController.js:22:18)
[2025-05-03 03:57:08] ERROR: OTP verification failed for email: saufii660@gmail.com | Error: invalid otp or expired otp
[2025-05-03 03:57:08] ERROR: POST /auth/verify-otp 500 - 20ms
[2025-05-03 03:57:11] ERROR: Register service failed for saufii660@gmail.com | Error: email already exists, please use another email
    at registerService (/data/data/com.termux/files/home/login-api/services/auth/register/registerService.js:16:13)
    at process.processTicksAndRejections (node:internal/process/task_queues:105:5)
    at async registerController (/data/data/com.termux/files/home/login-api/controllers/auth/register/registerController.js:12:21)
[2025-05-03 03:57:11] ERROR: Registration failed for email: saufii660@gmail.com | Error: email already exists, please use another email
[2025-05-03 03:57:11] ERROR: POST /auth/register 400 - 44ms
[2025-05-03 03:57:25] ERROR: Register service failed for saufii660@gmail.com | Error: email already exists, please use another email
    at registerService (/data/data/com.termux/files/home/login-api/services/auth/register/registerService.js:16:13)
    at process.processTicksAndRejections (node:internal/process/task_queues:105:5)
    at async registerController (/data/data/com.termux/files/home/login-api/controllers/auth/register/registerController.js:12:21)
[2025-05-03 03:57:25] ERROR: Registration failed for email: saufii660@gmail.com | Error: email already exists, please use another email
[2025-05-03 03:57:25] ERROR: POST /auth/register 400 - 35ms
